<?xml version="1.0" encoding="UTF-8"?>
<robot generator="Robot 6.0.2 (Python 3.11.3 on win32)" generated="20230828 15:41:13.403" rpa="false" schemaversion="3">
<suite id="s1" name="Tela Inicial" source="c:\Users\Marco Figueiredo\Documents\Projetos\ecommerce\testes\tela_inicial.robot">
<test id="s1-t1" name="Adcionar/Remover item ao carrinho" line="7">
<kw name="Dado que faço login" library="setup_teardown" type="SETUP">
<kw name="Open Browser" library="SeleniumLibrary">
<arg>url=https://www.saucedemo.com/</arg>
<arg>browser=Chrome</arg>
<doc>Opens a new browser instance to the optional ``url``.</doc>
<msg timestamp="20230828 15:41:14.194" level="INFO">Opening browser 'Chrome' to base url 'https://www.saucedemo.com/'.</msg>
<status status="PASS" starttime="20230828 15:41:14.193" endtime="20230828 15:41:16.315"/>
</kw>
<kw name="Input Text" library="SeleniumLibrary">
<arg>css=#user-name</arg>
<arg>performance_glitch_user</arg>
<doc>Types the given ``text`` into the text field identified by ``locator``.</doc>
<msg timestamp="20230828 15:41:16.316" level="INFO">Typing text 'performance_glitch_user' into text field 'css=#user-name'.</msg>
<status status="PASS" starttime="20230828 15:41:16.315" endtime="20230828 15:41:16.451"/>
</kw>
<kw name="Input Password" library="SeleniumLibrary">
<arg>css=#password</arg>
<arg>secret_sauce</arg>
<doc>Types the given password into the text field identified by ``locator``.</doc>
<msg timestamp="20230828 15:41:16.452" level="INFO">Typing password into text field 'css=#password'.</msg>
<msg timestamp="20230828 15:41:16.497" level="INFO">Temporally setting log level to: NONE</msg>
<msg timestamp="20230828 15:41:16.551" level="INFO">Log level changed from NONE to INFO.</msg>
<status status="PASS" starttime="20230828 15:41:16.452" endtime="20230828 15:41:16.552"/>
</kw>
<kw name="Click Element" library="SeleniumLibrary">
<arg>css=#login-button</arg>
<doc>Click the element identified by ``locator``.</doc>
<msg timestamp="20230828 15:41:16.553" level="INFO">Clicking element 'css=#login-button'.</msg>
<status status="PASS" starttime="20230828 15:41:16.552" endtime="20230828 15:41:21.642"/>
</kw>
<kw name="Wait Until Element Is Visible" library="SeleniumLibrary">
<arg>css=#add-to-cart-sauce-labs-backpack</arg>
<doc>Waits until the element ``locator`` is visible.</doc>
<status status="PASS" starttime="20230828 15:41:21.642" endtime="20230828 15:41:21.680"/>
</kw>
<status status="PASS" starttime="20230828 15:41:14.193" endtime="20230828 15:41:21.680"/>
</kw>
<kw name=" Dado que estou na tela inicial" library="adicionar_carrinho">
<kw name="Element Should Be Visible" library="SeleniumLibrary">
<arg>${Titulo_PaginaInicial}</arg>
<doc>Verifies that the element identified by ``locator`` is visible.</doc>
<msg timestamp="20230828 15:41:21.711" level="INFO">Element 'xpath=//span[contains(.,'Products')]' is displayed.</msg>
<status status="PASS" starttime="20230828 15:41:21.682" endtime="20230828 15:41:21.711"/>
</kw>
<status status="PASS" starttime="20230828 15:41:21.681" endtime="20230828 15:41:21.712"/>
</kw>
<kw name="Quando clico no botão &quot;Add to cart&quot;" library="adicionar_carrinho">
<kw name="Click Element" library="SeleniumLibrary">
<arg>${Botao_AdicionarCarrinho}</arg>
<doc>Click the element identified by ``locator``.</doc>
<msg timestamp="20230828 15:41:21.715" level="INFO">Clicking element 'id=add-to-cart-sauce-labs-bike-light'.</msg>
<status status="PASS" starttime="20230828 15:41:21.714" endtime="20230828 15:41:21.758"/>
</kw>
<status status="PASS" starttime="20230828 15:41:21.714" endtime="20230828 15:41:21.758"/>
</kw>
<kw name="Então o item deve ser adicionado ao carrinho" library="adicionar_carrinho">
<kw name="Element Should Be Visible" library="SeleniumLibrary">
<arg>${Icone_ItemnoCarrinho}</arg>
<doc>Verifies that the element identified by ``locator`` is visible.</doc>
<msg timestamp="20230828 15:41:21.780" level="INFO">Element 'class=shopping_cart_badge' is displayed.</msg>
<status status="PASS" starttime="20230828 15:41:21.759" endtime="20230828 15:41:21.780"/>
</kw>
<status status="PASS" starttime="20230828 15:41:21.758" endtime="20230828 15:41:21.780"/>
</kw>
<kw name=" Dado que estou na tela inicial" library="adicionar_carrinho">
<kw name="Element Should Be Visible" library="SeleniumLibrary">
<arg>${Titulo_PaginaInicial}</arg>
<doc>Verifies that the element identified by ``locator`` is visible.</doc>
<msg timestamp="20230828 15:41:21.798" level="INFO">Element 'xpath=//span[contains(.,'Products')]' is displayed.</msg>
<status status="PASS" starttime="20230828 15:41:21.781" endtime="20230828 15:41:21.799"/>
</kw>
<status status="PASS" starttime="20230828 15:41:21.781" endtime="20230828 15:41:21.800"/>
</kw>
<kw name="E adiciono o item ao carrinho" library="adicionar_carrinho">
<kw name="Element Should Be Visible" library="SeleniumLibrary">
<arg>${Icone_ItemnoCarrinho}</arg>
<doc>Verifies that the element identified by ``locator`` is visible.</doc>
<msg timestamp="20230828 15:41:21.818" level="INFO">Element 'class=shopping_cart_badge' is displayed.</msg>
<status status="PASS" starttime="20230828 15:41:21.803" endtime="20230828 15:41:21.819"/>
</kw>
<status status="PASS" starttime="20230828 15:41:21.801" endtime="20230828 15:41:21.820"/>
</kw>
<kw name="E em seguida clico no botão &quot;Remove&quot;" library="adicionar_carrinho">
<kw name="Click Element" library="SeleniumLibrary">
<arg>${Botao_Remove}</arg>
<doc>Click the element identified by ``locator``.</doc>
<msg timestamp="20230828 15:41:21.822" level="INFO">Clicking element 'id=remove-sauce-labs-bike-light'.</msg>
<status status="PASS" starttime="20230828 15:41:21.822" endtime="20230828 15:41:21.905"/>
</kw>
<status status="PASS" starttime="20230828 15:41:21.821" endtime="20230828 15:41:21.905"/>
</kw>
<kw name="Então o item deve ser removido do carrinho" library="adicionar_carrinho">
<kw name="Element Should Not Be Visible" library="SeleniumLibrary">
<arg>${Icone_CarrinhosemItem}</arg>
<doc>Verifies that the element identified by ``locator`` is NOT visible.</doc>
<msg timestamp="20230828 15:41:21.913" level="INFO">Element 'class=shopping_cart_badge' did not exist.</msg>
<status status="PASS" starttime="20230828 15:41:21.907" endtime="20230828 15:41:21.913"/>
</kw>
<status status="PASS" starttime="20230828 15:41:21.906" endtime="20230828 15:41:21.914"/>
</kw>
<status status="PASS" starttime="20230828 15:41:14.190" endtime="20230828 15:41:21.915"/>
</test>
<status status="PASS" starttime="20230828 15:41:13.408" endtime="20230828 15:41:21.918"/>
</suite>
<statistics>
<total>
<stat pass="1" fail="0" skip="0">All Tests</stat>
</total>
<tag>
</tag>
<suite>
<stat pass="1" fail="0" skip="0" id="s1" name="Tela Inicial">Tela Inicial</stat>
</suite>
</statistics>
<errors>
</errors>
</robot>
