<?xml version="1.0" encoding="UTF-8"?>
<robot generator="Robot 6.0.2 (Python 3.11.3 on win32)" generated="20230830 15:54:55.369" rpa="false" schemaversion="3">
<suite id="s1" name="Ecommerce" source="C:\Users\Marco Figueiredo\Documents\Projetos\ecommerce">
<suite id="s1-s1" name="Testes" source="C:\Users\Marco Figueiredo\Documents\Projetos\ecommerce\testes">
<suite id="s1-s1-s1" name="Tela Inicial" source="C:\Users\Marco Figueiredo\Documents\Projetos\ecommerce\testes\tela_inicial.robot">
<test id="s1-s1-s1-t1" name="Funcionalidades do filtro" line="17">
<kw name="Dado que faço login" library="setup_teardown" type="SETUP">
<kw name="Open Browser" library="SeleniumLibrary">
<arg>url=https://www.saucedemo.com/</arg>
<arg>browser=Chrome</arg>
<doc>Opens a new browser instance to the optional ``url``.</doc>
<msg timestamp="20230830 15:54:57.023" level="INFO">Opening browser 'Chrome' to base url 'https://www.saucedemo.com/'.</msg>
<status status="PASS" starttime="20230830 15:54:57.023" endtime="20230830 15:54:59.556"/>
</kw>
<kw name="Input Text" library="SeleniumLibrary">
<arg>css=#user-name</arg>
<arg>performance_glitch_user</arg>
<doc>Types the given ``text`` into the text field identified by ``locator``.</doc>
<msg timestamp="20230830 15:54:59.559" level="INFO">Typing text 'performance_glitch_user' into text field 'css=#user-name'.</msg>
<status status="PASS" starttime="20230830 15:54:59.557" endtime="20230830 15:54:59.819"/>
</kw>
<kw name="Input Password" library="SeleniumLibrary">
<arg>css=#password</arg>
<arg>secret_sauce</arg>
<doc>Types the given password into the text field identified by ``locator``.</doc>
<msg timestamp="20230830 15:54:59.822" level="INFO">Typing password into text field 'css=#password'.</msg>
<msg timestamp="20230830 15:54:59.879" level="INFO">Temporally setting log level to: NONE</msg>
<msg timestamp="20230830 15:54:59.965" level="INFO">Log level changed from NONE to INFO.</msg>
<status status="PASS" starttime="20230830 15:54:59.819" endtime="20230830 15:54:59.966"/>
</kw>
<kw name="Click Element" library="SeleniumLibrary">
<arg>css=#login-button</arg>
<doc>Click the element identified by ``locator``.</doc>
<msg timestamp="20230830 15:54:59.970" level="INFO">Clicking element 'css=#login-button'.</msg>
<status status="PASS" starttime="20230830 15:54:59.968" endtime="20230830 15:55:05.127"/>
</kw>
<kw name="Wait Until Element Is Visible" library="SeleniumLibrary">
<arg>css=#add-to-cart-sauce-labs-backpack</arg>
<doc>Waits until the element ``locator`` is visible.</doc>
<status status="PASS" starttime="20230830 15:55:05.127" endtime="20230830 15:55:05.162"/>
</kw>
<status status="PASS" starttime="20230830 15:54:57.022" endtime="20230830 15:55:05.162"/>
</kw>
<kw name=" Dado que estou na tela inicial" library="adicionar_carrinho">
<kw name="Element Should Be Visible" library="SeleniumLibrary">
<arg>${Titulo_PaginaInicial}</arg>
<doc>Verifies that the element identified by ``locator`` is visible.</doc>
<msg timestamp="20230830 15:55:05.196" level="INFO">Element 'xpath=//span[contains(.,'Products')]' is displayed.</msg>
<status status="PASS" starttime="20230830 15:55:05.165" endtime="20230830 15:55:05.197"/>
</kw>
<status status="PASS" starttime="20230830 15:55:05.163" endtime="20230830 15:55:05.197"/>
</kw>
<kw name="Quando clico no campo filtro" library="adicionar_carrinho">
<kw name="Click Element" library="SeleniumLibrary">
<arg>class=product_sort_container</arg>
<doc>Click the element identified by ``locator``.</doc>
<msg timestamp="20230830 15:55:05.199" level="INFO">Clicking element 'class=product_sort_container'.</msg>
<status status="PASS" starttime="20230830 15:55:05.199" endtime="20230830 15:55:05.268"/>
</kw>
<status status="PASS" starttime="20230830 15:55:05.197" endtime="20230830 15:55:05.268"/>
</kw>
<kw name=" E filtro por Name Z to A" library="adicionar_carrinho">
<kw name="Wait Until Element Is Visible" library="SeleniumLibrary">
<arg>css=#header_container &gt; div.header_secondary_container &gt; div &gt; span &gt; select &gt; option:nth-child(2)</arg>
<doc>Waits until the element ``locator`` is visible.</doc>
<status status="PASS" starttime="20230830 15:55:05.270" endtime="20230830 15:55:05.300"/>
</kw>
<kw name="Click Element" library="SeleniumLibrary">
<arg>css=#header_container &gt; div.header_secondary_container &gt; div &gt; span &gt; select &gt; option:nth-child(2)</arg>
<doc>Click the element identified by ``locator``.</doc>
<msg timestamp="20230830 15:55:05.300" level="INFO">Clicking element 'css=#header_container &gt; div.header_secondary_container &gt; div &gt; span &gt; select &gt; option:nth-child(2)'.</msg>
<status status="PASS" starttime="20230830 15:55:05.300" endtime="20230830 15:55:10.356"/>
</kw>
<status status="PASS" starttime="20230830 15:55:05.270" endtime="20230830 15:55:10.356"/>
</kw>
<kw name="Então o sistema deve retornar os produtos por Name Z to A" library="adicionar_carrinho">
<kw name="Sleep" library="BuiltIn">
<arg>3s</arg>
<doc>Pauses the test executed for the given time.</doc>
<msg timestamp="20230830 15:55:13.359" level="INFO">Slept 3 seconds</msg>
<status status="PASS" starttime="20230830 15:55:10.357" endtime="20230830 15:55:13.359"/>
</kw>
<kw name="Page Should Contain" library="SeleniumLibrary">
<arg>Name (Z to A)</arg>
<doc>Verifies that current page contains ``text``.</doc>
<msg timestamp="20230830 15:55:13.376" level="INFO">Current page contains text 'Name (Z to A)'.</msg>
<status status="PASS" starttime="20230830 15:55:13.359" endtime="20230830 15:55:13.376"/>
</kw>
<status status="PASS" starttime="20230830 15:55:10.356" endtime="20230830 15:55:13.377"/>
</kw>
<kw name=" Dado que estou na tela inicial" library="adicionar_carrinho">
<kw name="Element Should Be Visible" library="SeleniumLibrary">
<arg>${Titulo_PaginaInicial}</arg>
<doc>Verifies that the element identified by ``locator`` is visible.</doc>
<msg timestamp="20230830 15:55:13.397" level="INFO">Element 'xpath=//span[contains(.,'Products')]' is displayed.</msg>
<status status="PASS" starttime="20230830 15:55:13.379" endtime="20230830 15:55:13.398"/>
</kw>
<status status="PASS" starttime="20230830 15:55:13.377" endtime="20230830 15:55:13.398"/>
</kw>
<kw name="Quando clico no campo filtro" library="adicionar_carrinho">
<kw name="Click Element" library="SeleniumLibrary">
<arg>class=product_sort_container</arg>
<doc>Click the element identified by ``locator``.</doc>
<msg timestamp="20230830 15:55:13.401" level="INFO">Clicking element 'class=product_sort_container'.</msg>
<status status="PASS" starttime="20230830 15:55:13.400" endtime="20230830 15:55:13.454"/>
</kw>
<status status="PASS" starttime="20230830 15:55:13.399" endtime="20230830 15:55:13.454"/>
</kw>
<kw name="E filtro por Name A to Z" library="adicionar_carrinho">
<kw name="Wait Until Element Is Visible" library="SeleniumLibrary">
<arg>css=#header_container &gt; div.header_secondary_container &gt; div &gt; span &gt; select &gt; option:nth-child(1)</arg>
<doc>Waits until the element ``locator`` is visible.</doc>
<status status="PASS" starttime="20230830 15:55:13.456" endtime="20230830 15:55:13.491"/>
</kw>
<kw name="Click Element" library="SeleniumLibrary">
<arg>css=#header_container &gt; div.header_secondary_container &gt; div &gt; span &gt; select &gt; option:nth-child(1)</arg>
<doc>Click the element identified by ``locator``.</doc>
<msg timestamp="20230830 15:55:13.493" level="INFO">Clicking element 'css=#header_container &gt; div.header_secondary_container &gt; div &gt; span &gt; select &gt; option:nth-child(1)'.</msg>
<status status="PASS" starttime="20230830 15:55:13.492" endtime="20230830 15:55:18.545"/>
</kw>
<status status="PASS" starttime="20230830 15:55:13.456" endtime="20230830 15:55:18.545"/>
</kw>
<kw name="Então o sistema deve retornar os produtos por Name A to Z" library="adicionar_carrinho">
<kw name="Sleep" library="BuiltIn">
<arg>3s</arg>
<doc>Pauses the test executed for the given time.</doc>
<msg timestamp="20230830 15:55:21.546" level="INFO">Slept 3 seconds</msg>
<status status="PASS" starttime="20230830 15:55:18.546" endtime="20230830 15:55:21.546"/>
</kw>
<kw name="Page Should Contain" library="SeleniumLibrary">
<arg>Name (A to Z)</arg>
<doc>Verifies that current page contains ``text``.</doc>
<msg timestamp="20230830 15:55:21.563" level="INFO">Current page contains text 'Name (A to Z)'.</msg>
<status status="PASS" starttime="20230830 15:55:21.546" endtime="20230830 15:55:21.564"/>
</kw>
<status status="PASS" starttime="20230830 15:55:18.545" endtime="20230830 15:55:21.564"/>
</kw>
<kw name=" Dado que estou na tela inicial" library="adicionar_carrinho">
<kw name="Element Should Be Visible" library="SeleniumLibrary">
<arg>${Titulo_PaginaInicial}</arg>
<doc>Verifies that the element identified by ``locator`` is visible.</doc>
<msg timestamp="20230830 15:55:21.585" level="INFO">Element 'xpath=//span[contains(.,'Products')]' is displayed.</msg>
<status status="PASS" starttime="20230830 15:55:21.566" endtime="20230830 15:55:21.585"/>
</kw>
<status status="PASS" starttime="20230830 15:55:21.565" endtime="20230830 15:55:21.586"/>
</kw>
<kw name="Quando clico no campo filtro" library="adicionar_carrinho">
<kw name="Click Element" library="SeleniumLibrary">
<arg>class=product_sort_container</arg>
<doc>Click the element identified by ``locator``.</doc>
<msg timestamp="20230830 15:55:21.588" level="INFO">Clicking element 'class=product_sort_container'.</msg>
<status status="PASS" starttime="20230830 15:55:21.587" endtime="20230830 15:55:21.637"/>
</kw>
<status status="PASS" starttime="20230830 15:55:21.586" endtime="20230830 15:55:21.637"/>
</kw>
<kw name="E filtro por Price low to high" library="adicionar_carrinho">
<kw name="Wait Until Element Is Visible" library="SeleniumLibrary">
<arg>css=#header_container &gt; div.header_secondary_container &gt; div &gt; span &gt; select &gt; option:nth-child(3)</arg>
<doc>Waits until the element ``locator`` is visible.</doc>
<status status="PASS" starttime="20230830 15:55:21.638" endtime="20230830 15:55:21.667"/>
</kw>
<kw name="Click Element" library="SeleniumLibrary">
<arg>css=#header_container &gt; div.header_secondary_container &gt; div &gt; span &gt; select &gt; option:nth-child(3)</arg>
<doc>Click the element identified by ``locator``.</doc>
<msg timestamp="20230830 15:55:21.668" level="INFO">Clicking element 'css=#header_container &gt; div.header_secondary_container &gt; div &gt; span &gt; select &gt; option:nth-child(3)'.</msg>
<status status="PASS" starttime="20230830 15:55:21.667" endtime="20230830 15:55:26.739"/>
</kw>
<status status="PASS" starttime="20230830 15:55:21.638" endtime="20230830 15:55:26.740"/>
</kw>
<kw name="Então o sistema deve retornar os produtos por low to high" library="adicionar_carrinho">
<kw name="Sleep" library="BuiltIn">
<arg>3s</arg>
<doc>Pauses the test executed for the given time.</doc>
<msg timestamp="20230830 15:55:29.742" level="INFO">Slept 3 seconds</msg>
<status status="PASS" starttime="20230830 15:55:26.741" endtime="20230830 15:55:29.742"/>
</kw>
<kw name="Page Should Contain" library="SeleniumLibrary">
<arg>Price (low to high)</arg>
<doc>Verifies that current page contains ``text``.</doc>
<msg timestamp="20230830 15:55:29.767" level="INFO">Current page contains text 'Price (low to high)'.</msg>
<status status="PASS" starttime="20230830 15:55:29.742" endtime="20230830 15:55:29.767"/>
</kw>
<status status="PASS" starttime="20230830 15:55:26.741" endtime="20230830 15:55:29.768"/>
</kw>
<kw name=" Dado que estou na tela inicial" library="adicionar_carrinho">
<kw name="Element Should Be Visible" library="SeleniumLibrary">
<arg>${Titulo_PaginaInicial}</arg>
<doc>Verifies that the element identified by ``locator`` is visible.</doc>
<msg timestamp="20230830 15:55:29.790" level="INFO">Element 'xpath=//span[contains(.,'Products')]' is displayed.</msg>
<status status="PASS" starttime="20230830 15:55:29.769" endtime="20230830 15:55:29.790"/>
</kw>
<status status="PASS" starttime="20230830 15:55:29.769" endtime="20230830 15:55:29.790"/>
</kw>
<kw name="Quando clico no campo filtro" library="adicionar_carrinho">
<kw name="Click Element" library="SeleniumLibrary">
<arg>class=product_sort_container</arg>
<doc>Click the element identified by ``locator``.</doc>
<msg timestamp="20230830 15:55:29.792" level="INFO">Clicking element 'class=product_sort_container'.</msg>
<status status="PASS" starttime="20230830 15:55:29.792" endtime="20230830 15:55:29.868"/>
</kw>
<status status="PASS" starttime="20230830 15:55:29.791" endtime="20230830 15:55:29.869"/>
</kw>
<kw name="E filtro por Price high to low" library="adicionar_carrinho">
<kw name="Wait Until Element Is Visible" library="SeleniumLibrary">
<arg>css=#header_container &gt; div.header_secondary_container &gt; div &gt; span &gt; select &gt; option:nth-child(4)</arg>
<doc>Waits until the element ``locator`` is visible.</doc>
<status status="PASS" starttime="20230830 15:55:29.871" endtime="20230830 15:55:29.906"/>
</kw>
<kw name="Click Element" library="SeleniumLibrary">
<arg>css=#header_container &gt; div.header_secondary_container &gt; div &gt; span &gt; select &gt; option:nth-child(4)</arg>
<doc>Click the element identified by ``locator``.</doc>
<msg timestamp="20230830 15:55:29.907" level="INFO">Clicking element 'css=#header_container &gt; div.header_secondary_container &gt; div &gt; span &gt; select &gt; option:nth-child(4)'.</msg>
<status status="PASS" starttime="20230830 15:55:29.906" endtime="20230830 15:55:34.962"/>
</kw>
<status status="PASS" starttime="20230830 15:55:29.871" endtime="20230830 15:55:34.962"/>
</kw>
<kw name="Então o sistema deve retornar os produtos por high to low" library="adicionar_carrinho">
<kw name="Sleep" library="BuiltIn">
<arg>3s</arg>
<doc>Pauses the test executed for the given time.</doc>
<msg timestamp="20230830 15:55:37.966" level="INFO">Slept 3 seconds</msg>
<status status="PASS" starttime="20230830 15:55:34.964" endtime="20230830 15:55:37.966"/>
</kw>
<kw name="Page Should Contain" library="SeleniumLibrary">
<arg>Price (high to low)</arg>
<doc>Verifies that current page contains ``text``.</doc>
<msg timestamp="20230830 15:55:37.995" level="INFO">Current page contains text 'Price (high to low)'.</msg>
<status status="PASS" starttime="20230830 15:55:37.966" endtime="20230830 15:55:37.996"/>
</kw>
<status status="PASS" starttime="20230830 15:55:34.963" endtime="20230830 15:55:37.996"/>
</kw>
<status status="PASS" starttime="20230830 15:54:57.019" endtime="20230830 15:55:37.999"/>
</test>
<status status="PASS" starttime="20230830 15:54:55.583" endtime="20230830 15:55:38.001"/>
</suite>
<status status="PASS" starttime="20230830 15:54:55.573" endtime="20230830 15:55:38.006"/>
</suite>
<status status="PASS" starttime="20230830 15:54:55.427" endtime="20230830 15:55:38.012"/>
</suite>
<statistics>
<total>
<stat pass="1" fail="0" skip="0">All Tests</stat>
</total>
<tag>
</tag>
<suite>
<stat pass="1" fail="0" skip="0" id="s1" name="Ecommerce">Ecommerce</stat>
<stat pass="1" fail="0" skip="0" id="s1-s1" name="Testes">Ecommerce.Testes</stat>
<stat pass="1" fail="0" skip="0" id="s1-s1-s1" name="Tela Inicial">Ecommerce.Testes.Tela Inicial</stat>
</suite>
</statistics>
<errors>
</errors>
</robot>
